<?xml version="1.0" encoding="UTF-8"?>
<!-- Generated by org.testng.reporters.JUnitReportReporter -->
<testsuite skipped="0" hostname="Home_Laptop" name="test.Test3" tests="1" failures="0" timestamp="2022-09-16T13:21:26 IST" time="0.000" errors="0">
  <testcase name="homeLoanPageLogout" time="0.000" classname="test.Test3"/>
  <system-out/>
</testsuite> <!-- test.Test3 -->
