<?xml version="1.0" encoding="UTF-8"?>
<!-- Generated by org.testng.reporters.JUnitReportReporter -->
<testsuite skipped="1" hostname="Home_Laptop" name="test.EnableAndTimeout" tests="4" failures="0" timestamp="2022-09-22T13:29:51 IST" time="0.013" errors="0">
  <testcase name="c_test" time="0.000" classname="test.EnableAndTimeout"/>
  <system-out/>
  <testcase name="d_test" time="0.001" classname="test.EnableAndTimeout"/>
  <system-out/>
  <testcase name="a_test" time="0.012" classname="test.EnableAndTimeout"/>
  <system-out/>
  <testcase name="b_test" classname="test.EnableAndTimeout">
    <skipped/>
  </testcase> <!-- b_test -->
  <system-out/>
</testsuite> <!-- test.EnableAndTimeout -->
