<?xml version="1.0" encoding="UTF-8"?>
<!-- Generated by org.testng.reporters.JUnitReportReporter -->
<testsuite skipped="0" hostname="Home_Laptop" name="test.Test1" tests="4" failures="0" timestamp="2022-09-15T13:24:35 IST" time="0.011" errors="0">
  <testcase name="carLoanPageMobileLogout" time="0.008" classname="test.Test1"/>
  <system-out/>
  <testcase name="firstTestCase" time="0.001" classname="test.Test1"/>
  <system-out/>
  <testcase name="secondTestcase" time="0.001" classname="test.Test1"/>
  <system-out/>
  <testcase name="carLoanPageMobileSearchProducts" time="0.001" classname="test.Test1"/>
  <system-out/>
</testsuite> <!-- test.Test1 -->
