<?xml version="1.0" encoding="UTF-8"?>
<!-- Generated by org.testng.reporters.JUnitReportReporter -->
<testsuite skipped="0" hostname="Home_Laptop" name="test.Test3" tests="3" failures="0" timestamp="2022-09-23T10:39:30 IST" time="0.001" errors="0">
  <testcase name="homeLoanPageLogout" time="0.000" classname="test.Test3"/>
  <system-out/>
  <testcase name="homeLoanPageSearchProducts" time="0.000" classname="test.Test3"/>
  <system-out/>
  <testcase name="homeLoanPageLogin" time="0.001" classname="test.Test3"/>
  <system-out/>
</testsuite> <!-- test.Test3 -->
