<?xml version="1.0" encoding="UTF-8"?>
<!-- Generated by org.testng.reporters.JUnitReportReporter -->
<testsuite skipped="0" hostname="Home_Laptop" name="test.Test2" tests="1" failures="0" timestamp="2022-09-16T13:21:26 IST" time="0.001" errors="0">
  <testcase name="thirdTestcase" time="0.001" classname="test.Test2"/>
  <system-out/>
</testsuite> <!-- test.Test2 -->
