<?xml version="1.0" encoding="UTF-8"?>
<!-- Generated by org.testng.reporters.JUnitReportReporter -->
<testsuite skipped="0" hostname="Home_Laptop" name="test.Test4" tests="2" failures="0" timestamp="2022-09-16T13:21:26 IST" time="0.001" errors="0">
  <testcase name="carLoanPageWebLogout" time="0.000" classname="test.Test4"/>
  <system-out/>
  <testcase name="carLoanPageMobileSearchProducts" time="0.001" classname="test.Test4"/>
  <system-out/>
</testsuite> <!-- test.Test4 -->
