<?xml version="1.0" encoding="UTF-8"?>
<!-- Generated by org.testng.reporters.JUnitReportReporter -->
<testsuite skipped="0" hostname="Home_Laptop" name="test.Test2" tests="1" failures="0" timestamp="25 Oct 2022 07:08:03 GMT" time="0.003" errors="0">
  <testcase name="thirdTestcase" time="0.003" classname="test.Test2"/>
</testsuite> <!-- test.Test2 -->
