<?xml version="1.0" encoding="UTF-8"?>
<!-- Generated by org.testng.reporters.JUnitReportReporter -->
<testsuite skipped="0" hostname="Home_Laptop" name="test.Test3" tests="5" failures="0" timestamp="2022-09-15T13:24:35 IST" time="0.005" errors="0">
  <testcase name="homeLoanPageLogin" time="0.000" classname="test.Test3"/>
  <system-out/>
  <testcase name="carLoanPageMobileLogout" time="0.001" classname="test.Test3"/>
  <system-out/>
  <testcase name="homeLoanPageLogout" time="0.002" classname="test.Test3"/>
  <system-out/>
  <testcase name="carLoanPageMobileSearchProducts" time="0.001" classname="test.Test3"/>
  <system-out/>
  <testcase name="homeLoanPageSearchProducts" time="0.001" classname="test.Test3"/>
  <system-out/>
</testsuite> <!-- test.Test3 -->
