<?xml version="1.0" encoding="UTF-8"?>
<!-- Generated by org.testng.reporters.JUnitReportReporter -->
<testsuite skipped="0" hostname="Home_Laptop" name="testPackage2.Test6" tests="3" failures="0" timestamp="2022-09-15T13:25:01 IST" time="0.002" errors="0">
  <testcase name="carLoanPageMobileLogout" time="0.001" classname="testPackage2.Test6"/>
  <system-out/>
  <testcase name="thirdTestcase" time="0.000" classname="testPackage2.Test6"/>
  <system-out/>
  <testcase name="carLoanPageMobileSearchProducts" time="0.001" classname="testPackage2.Test6"/>
  <system-out/>
</testsuite> <!-- testPackage2.Test6 -->
