<?xml version="1.0" encoding="UTF-8"?>
<!-- Generated by org.testng.reporters.JUnitReportReporter -->
<testsuite skipped="0" hostname="Home_Laptop" name="test.Parametrization" tests="6" failures="0" timestamp="26 Sep 2022 07:20:47 GMT" time="0.006" errors="0">
  <testcase name="carLoanPageMobileSearchProducts" time="0.001" classname="test.Parametrization"/>
  <testcase name="carLoanPageWebSearchProducts" time="0.000" classname="test.Parametrization"/>
  <testcase name="carLoanPageWebLogin" time="0.001" classname="test.Parametrization"/>
  <testcase name="carLoanPageMobileLogin" time="0.003" classname="test.Parametrization"/>
  <testcase name="carLoanPageMobileLogout" time="0.001" classname="test.Parametrization"/>
  <testcase name="carLoanPageWebLogout" time="0.000" classname="test.Parametrization"/>
</testsuite> <!-- test.Parametrization -->
