<?xml version="1.0" encoding="UTF-8"?>
<!-- Generated by org.testng.reporters.JUnitReportReporter -->
<testsuite skipped="0" hostname="Home_Laptop" name="testPackage2.Test5" tests="4" failures="0" timestamp="2022-09-16T12:13:23 IST" time="0.003" errors="0">
  <testcase name="carLoanPageMobileLogout" time="0.000" classname="testPackage2.Test5"/>
  <system-out/>
  <testcase name="firstTestCase" time="0.001" classname="testPackage2.Test5"/>
  <system-out/>
  <testcase name="secondTestcase" time="0.001" classname="testPackage2.Test5"/>
  <system-out/>
  <testcase name="carLoanPageMobileSearchProducts" time="0.001" classname="testPackage2.Test5"/>
  <system-out/>
</testsuite> <!-- testPackage2.Test5 -->
