<?xml version="1.0" encoding="UTF-8"?>
<!-- Generated by org.testng.reporters.JUnitReportReporter -->
<testsuite skipped="0" hostname="Home_Laptop" name="test.Test1" tests="2" failures="0" timestamp="25 Oct 2022 07:08:03 GMT" time="0.007" errors="0">
  <testcase name="firstTestCase" time="0.005" classname="test.Test1"/>
  <testcase name="secondTestcase" time="0.002" classname="test.Test1"/>
</testsuite> <!-- test.Test1 -->
