<?xml version="1.0" encoding="UTF-8"?>
<!-- Generated by org.testng.reporters.JUnitReportReporter -->
<testsuite skipped="0" hostname="Home_Laptop" name="test.Test7" tests="2" failures="0" timestamp="2022-09-16T13:21:26 IST" time="0.004" errors="0">
  <testcase name="amazonSearchBarTest" time="0.001" classname="test.Test7"/>
  <system-out/>
  <testcase name="amazonCartOptionTest" time="0.003" classname="test.Test7"/>
  <system-out/>
</testsuite> <!-- test.Test7 -->
