<?xml version="1.0" encoding="UTF-8"?>
<!-- Generated by org.testng.reporters.JUnitReportReporter -->
<testsuite skipped="0" hostname="Home_Laptop" name="test.Test4" tests="6" failures="0" timestamp="26 Sep 2022 07:06:32 GMT" time="0.008" errors="0">
  <testcase name="carLoanPageWebSearchProducts" time="0.001" classname="test.Test4"/>
  <testcase name="carLoanPageMobileLogout" time="0.001" classname="test.Test4"/>
  <testcase name="carLoanPageWebLogin" time="0.001" classname="test.Test4"/>
  <testcase name="carLoanPageMobileSearchProducts" time="0.001" classname="test.Test4"/>
  <testcase name="carLoanPageWebLogout" time="0.001" classname="test.Test4"/>
  <testcase name="carLoanPageMobileLogin" time="0.003" classname="test.Test4"/>
</testsuite> <!-- test.Test4 -->
