<?xml version="1.0" encoding="UTF-8"?>
<!-- Generated by org.testng.reporters.JUnitReportReporter -->
<testsuite skipped="0" hostname="Home_Laptop" name="test.Test4" tests="6" failures="0" timestamp="2022-09-22T13:06:54 IST" time="0.013" errors="0">
  <testcase name="carLoanPageWebLogin" time="0.001" classname="test.Test4"/>
  <system-out/>
  <testcase name="carLoanPageMobileLogout" time="0.001" classname="test.Test4"/>
  <system-out/>
  <testcase name="carLoanPageMobileLogin" time="0.006" classname="test.Test4"/>
  <system-out/>
  <testcase name="carLoanPageMobileSearchProducts" time="0.001" classname="test.Test4"/>
  <system-out/>
  <testcase name="carLoanPageWebSearchProducts" time="0.002" classname="test.Test4"/>
  <system-out/>
  <testcase name="carLoanPageWebLogout" time="0.002" classname="test.Test4"/>
  <system-out/>
</testsuite> <!-- test.Test4 -->
