<?xml version="1.0" encoding="UTF-8"?>
<!-- Generated by org.testng.reporters.JUnitReportReporter -->
<testsuite skipped="0" hostname="Home_Laptop" name="test.Test2" tests="3" failures="0" timestamp="2022-09-15T13:24:35 IST" time="0.002" errors="0">
  <testcase name="carLoanPageMobileSearchProducts" time="0.000" classname="test.Test2"/>
  <system-out/>
  <testcase name="carLoanPageMobileLogout" time="0.002" classname="test.Test2"/>
  <system-out/>
  <testcase name="thirdTestcase" time="0.000" classname="test.Test2"/>
  <system-out/>
</testsuite> <!-- test.Test2 -->
