<?xml version="1.0" encoding="UTF-8"?>
<!-- Generated by org.testng.reporters.JUnitReportReporter -->
<testsuite skipped="0" hostname="Home_Laptop" name="test.Test1" tests="1" failures="0" timestamp="26 Sep 2022 07:07:34 GMT" time="0.003" errors="0">
  <testcase name="firstTestCase" time="0.003" classname="test.Test1"/>
</testsuite> <!-- test.Test1 -->
