<?xml version="1.0" encoding="UTF-8"?>
<!-- Generated by org.testng.reporters.JUnitReportReporter -->
<testsuite skipped="0" hostname="Home_Laptop" name="test.PrioritizationDemo" tests="3" failures="0" timestamp="2022-09-22T13:17:53 IST" time="0.010" errors="0">
  <testcase name="b_test" time="0.007" classname="test.PrioritizationDemo"/>
  <system-out/>
  <testcase name="a_test" time="0.002" classname="test.PrioritizationDemo"/>
  <system-out/>
  <testcase name="c_test" time="0.001" classname="test.PrioritizationDemo"/>
  <system-out/>
</testsuite> <!-- test.PrioritizationDemo -->
