<?xml version="1.0" encoding="UTF-8"?>
<!-- Generated by org.testng.reporters.JUnitReportReporter -->
<testsuite skipped="0" hostname="Home_Laptop" name="test.Test8" tests="2" failures="0" timestamp="2022-09-22T13:10:14 IST" time="0.006" errors="0">
  <testcase name="a_test" time="0.001" classname="test.Test8"/>
  <system-out/>
  <testcase name="b_test" time="0.005" classname="test.Test8"/>
  <system-out/>
</testsuite> <!-- test.Test8 -->
